{"C:\\Users\\ayush\\Desktop\\instagram\\backend\\src\\commands\\auth.commands.js": {"path":"C:\\Users\\ayush\\Desktop\\instagram\\backend\\src\\commands\\auth.commands.js","statementMap":{"0":{"start":{"line":9,"column":25},"end":{"line":9,"column":64}},"1":{"start":{"line":10,"column":4},"end":{"line":12,"column":5}},"2":{"start":{"line":11,"column":6},"end":{"line":11,"column":58}},"3":{"start":{"line":14,"column":29},"end":{"line":14,"column":74}},"4":{"start":{"line":15,"column":4},"end":{"line":17,"column":5}},"5":{"start":{"line":16,"column":6},"end":{"line":16,"column":56}},"6":{"start":{"line":20,"column":17},"end":{"line":25,"column":6}},"7":{"start":{"line":28,"column":24},"end":{"line":32,"column":6}},"8":{"start":{"line":34,"column":25},"end":{"line":36,"column":6}},"9":{"start":{"line":39,"column":4},"end":{"line":43,"column":6}},"10":{"start":{"line":45,"column":4},"end":{"line":56,"column":6}},"11":{"start":{"line":61,"column":17},"end":{"line":61,"column":56}},"12":{"start":{"line":62,"column":4},"end":{"line":64,"column":5}},"13":{"start":{"line":63,"column":6},"end":{"line":63,"column":63}},"14":{"start":{"line":67,"column":28},"end":{"line":67,"column":79}},"15":{"start":{"line":68,"column":4},"end":{"line":70,"column":5}},"16":{"start":{"line":69,"column":6},"end":{"line":69,"column":63}},"17":{"start":{"line":73,"column":24},"end":{"line":77,"column":6}},"18":{"start":{"line":79,"column":25},"end":{"line":81,"column":6}},"19":{"start":{"line":84,"column":4},"end":{"line":88,"column":6}},"20":{"start":{"line":93,"column":4},"end":{"line":103,"column":6}},"21":{"start":{"line":108,"column":4},"end":{"line":108,"column":54}},"22":{"start":{"line":109,"column":4},"end":{"line":109,"column":29}},"23":{"start":{"line":113,"column":20},"end":{"line":113,"column":52}},"24":{"start":{"line":116,"column":24},"end":{"line":116,"column":81}},"25":{"start":{"line":117,"column":4},"end":{"line":119,"column":5}},"26":{"start":{"line":118,"column":6},"end":{"line":118,"column":59}},"27":{"start":{"line":122,"column":17},"end":{"line":122,"column":62}},"28":{"start":{"line":123,"column":4},"end":{"line":125,"column":5}},"29":{"start":{"line":124,"column":6},"end":{"line":124,"column":52}},"30":{"start":{"line":128,"column":24},"end":{"line":132,"column":6}},"31":{"start":{"line":134,"column":4},"end":{"line":134,"column":27}}},"fnMap":{"0":{"name":"(anonymous_0)","decl":{"start":{"line":7,"column":2},"end":{"line":7,"column":3}},"loc":{"start":{"line":7,"column":53},"end":{"line":57,"column":3}},"line":7},"1":{"name":"(anonymous_1)","decl":{"start":{"line":59,"column":2},"end":{"line":59,"column":3}},"loc":{"start":{"line":59,"column":35},"end":{"line":104,"column":3}},"line":59},"2":{"name":"(anonymous_2)","decl":{"start":{"line":106,"column":2},"end":{"line":106,"column":3}},"loc":{"start":{"line":106,"column":23},"end":{"line":110,"column":3}},"line":106},"3":{"name":"(anonymous_3)","decl":{"start":{"line":112,"column":2},"end":{"line":112,"column":3}},"loc":{"start":{"line":112,"column":41},"end":{"line":135,"column":3}},"line":112}},"branchMap":{"0":{"loc":{"start":{"line":10,"column":4},"end":{"line":12,"column":5}},"type":"if","locations":[{"start":{"line":10,"column":4},"end":{"line":12,"column":5}},{"start":{},"end":{}}],"line":10},"1":{"loc":{"start":{"line":15,"column":4},"end":{"line":17,"column":5}},"type":"if","locations":[{"start":{"line":15,"column":4},"end":{"line":17,"column":5}},{"start":{},"end":{}}],"line":15},"2":{"loc":{"start":{"line":62,"column":4},"end":{"line":64,"column":5}},"type":"if","locations":[{"start":{"line":62,"column":4},"end":{"line":64,"column":5}},{"start":{},"end":{}}],"line":62},"3":{"loc":{"start":{"line":68,"column":4},"end":{"line":70,"column":5}},"type":"if","locations":[{"start":{"line":68,"column":4},"end":{"line":70,"column":5}},{"start":{},"end":{}}],"line":68},"4":{"loc":{"start":{"line":117,"column":4},"end":{"line":119,"column":5}},"type":"if","locations":[{"start":{"line":117,"column":4},"end":{"line":119,"column":5}},{"start":{},"end":{}}],"line":117},"5":{"loc":{"start":{"line":123,"column":4},"end":{"line":125,"column":5}},"type":"if","locations":[{"start":{"line":123,"column":4},"end":{"line":125,"column":5}},{"start":{},"end":{}}],"line":123}},"s":{"0":2,"1":0,"2":0,"3":0,"4":0,"5":0,"6":0,"7":0,"8":0,"9":0,"10":0,"11":3,"12":0,"13":0,"14":0,"15":0,"16":0,"17":0,"18":0,"19":0,"20":0,"21":0,"22":0,"23":0,"24":0,"25":0,"26":0,"27":0,"28":0,"29":0,"30":0,"31":0},"f":{"0":2,"1":3,"2":0,"3":0},"b":{"0":[0,0],"1":[0,0],"2":[0,0],"3":[0,0],"4":[0,0],"5":[0,0]},"inputSourceMap":null,"_coverageSchema":"1a1c01bbd47fc00a2c39e90264f33305004495a9","hash":"fa03861ed86da60fd61d3894c32449ea9331e4be"}
,"C:\\Users\\ayush\\Desktop\\instagram\\backend\\src\\config\\database.js": {"path":"C:\\Users\\ayush\\Desktop\\instagram\\backend\\src\\config\\database.js","statementMap":{"0":{"start":{"line":2,"column":17},"end":{"line":2,"column":19}},"1":{"start":{"line":4,"column":13},"end":{"line":13,"column":2}},"2":{"start":{"line":15,"column":0},"end":{"line":18,"column":3}},"3":{"start":{"line":16,"column":2},"end":{"line":16,"column":56}},"4":{"start":{"line":17,"column":2},"end":{"line":17,"column":19}},"5":{"start":{"line":20,"column":21},"end":{"line":31,"column":1}},"6":{"start":{"line":21,"column":16},"end":{"line":21,"column":26}},"7":{"start":{"line":22,"column":2},"end":{"line":30,"column":3}},"8":{"start":{"line":23,"column":16},"end":{"line":23,"column":46}},"9":{"start":{"line":24,"column":21},"end":{"line":24,"column":39}},"10":{"start":{"line":25,"column":4},"end":{"line":25,"column":74}},"11":{"start":{"line":26,"column":4},"end":{"line":26,"column":15}},"12":{"start":{"line":28,"column":4},"end":{"line":28,"column":50}},"13":{"start":{"line":29,"column":4},"end":{"line":29,"column":16}},"14":{"start":{"line":33,"column":25},"end":{"line":35,"column":1}},"15":{"start":{"line":34,"column":2},"end":{"line":34,"column":24}}},"fnMap":{"0":{"name":"(anonymous_0)","decl":{"start":{"line":15,"column":17},"end":{"line":15,"column":18}},"loc":{"start":{"line":15,"column":26},"end":{"line":18,"column":1}},"line":15},"1":{"name":"(anonymous_1)","decl":{"start":{"line":20,"column":21},"end":{"line":20,"column":22}},"loc":{"start":{"line":20,"column":45},"end":{"line":31,"column":1}},"line":20},"2":{"name":"(anonymous_2)","decl":{"start":{"line":33,"column":25},"end":{"line":33,"column":26}},"loc":{"start":{"line":33,"column":31},"end":{"line":35,"column":1}},"line":33}},"branchMap":{"0":{"loc":{"start":{"line":5,"column":8},"end":{"line":5,"column":42}},"type":"binary-expr","locations":[{"start":{"line":5,"column":8},"end":{"line":5,"column":27}},{"start":{"line":5,"column":31},"end":{"line":5,"column":42}}],"line":5},"1":{"loc":{"start":{"line":6,"column":8},"end":{"line":6,"column":35}},"type":"binary-expr","locations":[{"start":{"line":6,"column":8},"end":{"line":6,"column":27}},{"start":{"line":6,"column":31},"end":{"line":6,"column":35}}],"line":6},"2":{"loc":{"start":{"line":7,"column":12},"end":{"line":7,"column":46}},"type":"binary-expr","locations":[{"start":{"line":7,"column":12},"end":{"line":7,"column":31}},{"start":{"line":7,"column":35},"end":{"line":7,"column":46}}],"line":7},"3":{"loc":{"start":{"line":8,"column":8},"end":{"line":8,"column":41}},"type":"binary-expr","locations":[{"start":{"line":8,"column":8},"end":{"line":8,"column":27}},{"start":{"line":8,"column":31},"end":{"line":8,"column":41}}],"line":8},"4":{"loc":{"start":{"line":9,"column":12},"end":{"line":9,"column":49}},"type":"binary-expr","locations":[{"start":{"line":9,"column":12},"end":{"line":9,"column":35}},{"start":{"line":9,"column":39},"end":{"line":9,"column":49}}],"line":9}},"s":{"0":3,"1":3,"2":3,"3":0,"4":0,"5":3,"6":5,"7":5,"8":5,"9":0,"10":0,"11":0,"12":5,"13":5,"14":3,"15":0},"f":{"0":0,"1":5,"2":0},"b":{"0":[3,3],"1":[3,3],"2":[3,3],"3":[3,3],"4":[3,3]},"inputSourceMap":null,"_coverageSchema":"1a1c01bbd47fc00a2c39e90264f33305004495a9","hash":"68d691fdd4c818e0f9e54d1df189293d8ec1a0ba"}
,"C:\\Users\\ayush\\Desktop\\instagram\\backend\\src\\config\\env.js": {"path":"C:\\Users\\ayush\\Desktop\\instagram\\backend\\src\\config\\env.js","statementMap":{"0":{"start":{"line":3,"column":0},"end":{"line":3,"column":16}},"1":{"start":{"line":5,"column":22},"end":{"line":37,"column":1}}},"fnMap":{},"branchMap":{"0":{"loc":{"start":{"line":7,"column":8},"end":{"line":7,"column":32}},"type":"binary-expr","locations":[{"start":{"line":7,"column":8},"end":{"line":7,"column":24}},{"start":{"line":7,"column":28},"end":{"line":7,"column":32}}],"line":7},"1":{"loc":{"start":{"line":8,"column":12},"end":{"line":8,"column":49}},"type":"binary-expr","locations":[{"start":{"line":8,"column":12},"end":{"line":8,"column":32}},{"start":{"line":8,"column":36},"end":{"line":8,"column":49}}],"line":8},"2":{"loc":{"start":{"line":11,"column":11},"end":{"line":11,"column":45}},"type":"binary-expr","locations":[{"start":{"line":11,"column":11},"end":{"line":11,"column":30}},{"start":{"line":11,"column":34},"end":{"line":11,"column":45}}],"line":11},"3":{"loc":{"start":{"line":12,"column":11},"end":{"line":12,"column":38}},"type":"binary-expr","locations":[{"start":{"line":12,"column":11},"end":{"line":12,"column":30}},{"start":{"line":12,"column":34},"end":{"line":12,"column":38}}],"line":12},"4":{"loc":{"start":{"line":13,"column":11},"end":{"line":13,"column":45}},"type":"binary-expr","locations":[{"start":{"line":13,"column":11},"end":{"line":13,"column":30}},{"start":{"line":13,"column":34},"end":{"line":13,"column":45}}],"line":13},"5":{"loc":{"start":{"line":14,"column":11},"end":{"line":14,"column":44}},"type":"binary-expr","locations":[{"start":{"line":14,"column":11},"end":{"line":14,"column":30}},{"start":{"line":14,"column":34},"end":{"line":14,"column":44}}],"line":14},"6":{"loc":{"start":{"line":15,"column":15},"end":{"line":15,"column":52}},"type":"binary-expr","locations":[{"start":{"line":15,"column":15},"end":{"line":15,"column":38}},{"start":{"line":15,"column":42},"end":{"line":15,"column":52}}],"line":15},"7":{"loc":{"start":{"line":18,"column":14},"end":{"line":18,"column":51}},"type":"binary-expr","locations":[{"start":{"line":18,"column":14},"end":{"line":18,"column":36}},{"start":{"line":18,"column":40},"end":{"line":18,"column":51}}],"line":18},"8":{"loc":{"start":{"line":19,"column":14},"end":{"line":19,"column":44}},"type":"binary-expr","locations":[{"start":{"line":19,"column":14},"end":{"line":19,"column":36}},{"start":{"line":19,"column":40},"end":{"line":19,"column":44}}],"line":19},"9":{"loc":{"start":{"line":22,"column":14},"end":{"line":22,"column":78}},"type":"binary-expr","locations":[{"start":{"line":22,"column":14},"end":{"line":22,"column":36}},{"start":{"line":22,"column":40},"end":{"line":22,"column":78}}],"line":22},"10":{"loc":{"start":{"line":23,"column":18},"end":{"line":23,"column":52}},"type":"binary-expr","locations":[{"start":{"line":23,"column":18},"end":{"line":23,"column":44}},{"start":{"line":23,"column":48},"end":{"line":23,"column":52}}],"line":23},"11":{"loc":{"start":{"line":24,"column":22},"end":{"line":24,"column":77}},"type":"binary-expr","locations":[{"start":{"line":24,"column":22},"end":{"line":24,"column":52}},{"start":{"line":24,"column":56},"end":{"line":24,"column":77}}],"line":24},"12":{"loc":{"start":{"line":25,"column":26},"end":{"line":25,"column":69}},"type":"binary-expr","locations":[{"start":{"line":25,"column":26},"end":{"line":25,"column":60}},{"start":{"line":25,"column":64},"end":{"line":25,"column":69}}],"line":25},"13":{"loc":{"start":{"line":28,"column":18},"end":{"line":28,"column":59}},"type":"binary-expr","locations":[{"start":{"line":28,"column":18},"end":{"line":28,"column":44}},{"start":{"line":28,"column":48},"end":{"line":28,"column":59}}],"line":28},"14":{"loc":{"start":{"line":29,"column":23},"end":{"line":29,"column":55}},"type":"binary-expr","locations":[{"start":{"line":29,"column":23},"end":{"line":29,"column":45}},{"start":{"line":29,"column":49},"end":{"line":29,"column":55}}],"line":29},"15":{"loc":{"start":{"line":30,"column":20},"end":{"line":30,"column":64}},"type":"binary-expr","locations":[{"start":{"line":30,"column":20},"end":{"line":30,"column":48}},{"start":{"line":30,"column":52},"end":{"line":30,"column":64}}],"line":30},"16":{"loc":{"start":{"line":31,"column":20},"end":{"line":31,"column":64}},"type":"binary-expr","locations":[{"start":{"line":31,"column":20},"end":{"line":31,"column":48}},{"start":{"line":31,"column":52},"end":{"line":31,"column":64}}],"line":31},"17":{"loc":{"start":{"line":32,"column":16},"end":{"line":32,"column":55}},"type":"binary-expr","locations":[{"start":{"line":32,"column":16},"end":{"line":32,"column":40}},{"start":{"line":32,"column":44},"end":{"line":32,"column":55}}],"line":32},"18":{"loc":{"start":{"line":35,"column":18},"end":{"line":35,"column":63}},"type":"binary-expr","locations":[{"start":{"line":35,"column":18},"end":{"line":35,"column":43}},{"start":{"line":35,"column":47},"end":{"line":35,"column":63}}],"line":35},"19":{"loc":{"start":{"line":36,"column":19},"end":{"line":36,"column":69}},"type":"binary-expr","locations":[{"start":{"line":36,"column":19},"end":{"line":36,"column":46}},{"start":{"line":36,"column":50},"end":{"line":36,"column":69}}],"line":36}},"s":{"0":4,"1":4},"f":{},"b":{"0":[4,4],"1":[4,0],"2":[4,4],"3":[4,4],"4":[4,4],"5":[4,4],"6":[4,4],"7":[4,4],"8":[4,4],"9":[4,4],"10":[4,4],"11":[4,4],"12":[4,4],"13":[4,4],"14":[4,4],"15":[4,4],"16":[4,4],"17":[4,4],"18":[4,4],"19":[4,4]},"inputSourceMap":null,"_coverageSchema":"1a1c01bbd47fc00a2c39e90264f33305004495a9","hash":"3b8810ffc892baf0a34d7bcd704cf6583d16c63a"}
,"C:\\Users\\ayush\\Desktop\\instagram\\backend\\src\\config\\redis.js": {"path":"C:\\Users\\ayush\\Desktop\\instagram\\backend\\src\\config\\redis.js","statementMap":{"0":{"start":{"line":3,"column":14},"end":{"line":12,"column":2}},"1":{"start":{"line":8,"column":18},"end":{"line":8,"column":44}},"2":{"start":{"line":9,"column":4},"end":{"line":9,"column":17}},"3":{"start":{"line":14,"column":0},"end":{"line":16,"column":3}},"4":{"start":{"line":15,"column":2},"end":{"line":15,"column":43}},"5":{"start":{"line":18,"column":0},"end":{"line":20,"column":3}},"6":{"start":{"line":19,"column":2},"end":{"line":19,"column":35}},"7":{"start":{"line":23,"column":28},"end":{"line":43,"column":1}},"8":{"start":{"line":25,"column":17},"end":{"line":25,"column":37}},"9":{"start":{"line":26,"column":4},"end":{"line":26,"column":42}},"10":{"start":{"line":30,"column":4},"end":{"line":30,"column":55}},"11":{"start":{"line":34,"column":4},"end":{"line":34,"column":25}},"12":{"start":{"line":38,"column":17},"end":{"line":38,"column":42}},"13":{"start":{"line":39,"column":4},"end":{"line":41,"column":5}},"14":{"start":{"line":40,"column":6},"end":{"line":40,"column":31}}},"fnMap":{"0":{"name":"(anonymous_0)","decl":{"start":{"line":7,"column":17},"end":{"line":7,"column":18}},"loc":{"start":{"line":7,"column":28},"end":{"line":10,"column":3}},"line":7},"1":{"name":"(anonymous_1)","decl":{"start":{"line":14,"column":18},"end":{"line":14,"column":19}},"loc":{"start":{"line":14,"column":27},"end":{"line":16,"column":1}},"line":14},"2":{"name":"(anonymous_2)","decl":{"start":{"line":18,"column":20},"end":{"line":18,"column":21}},"loc":{"start":{"line":18,"column":26},"end":{"line":20,"column":1}},"line":18},"3":{"name":"(anonymous_3)","decl":{"start":{"line":24,"column":2},"end":{"line":24,"column":3}},"loc":{"start":{"line":24,"column":17},"end":{"line":27,"column":3}},"line":24},"4":{"name":"(anonymous_4)","decl":{"start":{"line":29,"column":2},"end":{"line":29,"column":3}},"loc":{"start":{"line":29,"column":36},"end":{"line":31,"column":3}},"line":29},"5":{"name":"(anonymous_5)","decl":{"start":{"line":33,"column":2},"end":{"line":33,"column":3}},"loc":{"start":{"line":33,"column":17},"end":{"line":35,"column":3}},"line":33},"6":{"name":"(anonymous_6)","decl":{"start":{"line":37,"column":2},"end":{"line":37,"column":3}},"loc":{"start":{"line":37,"column":28},"end":{"line":42,"column":3}},"line":37}},"branchMap":{"0":{"loc":{"start":{"line":4,"column":8},"end":{"line":4,"column":45}},"type":"binary-expr","locations":[{"start":{"line":4,"column":8},"end":{"line":4,"column":30}},{"start":{"line":4,"column":34},"end":{"line":4,"column":45}}],"line":4},"1":{"loc":{"start":{"line":5,"column":8},"end":{"line":5,"column":38}},"type":"binary-expr","locations":[{"start":{"line":5,"column":8},"end":{"line":5,"column":30}},{"start":{"line":5,"column":34},"end":{"line":5,"column":38}}],"line":5},"2":{"loc":{"start":{"line":6,"column":12},"end":{"line":6,"column":50}},"type":"binary-expr","locations":[{"start":{"line":6,"column":12},"end":{"line":6,"column":38}},{"start":{"line":6,"column":42},"end":{"line":6,"column":50}}],"line":6},"3":{"loc":{"start":{"line":26,"column":11},"end":{"line":26,"column":41}},"type":"cond-expr","locations":[{"start":{"line":26,"column":18},"end":{"line":26,"column":34}},{"start":{"line":26,"column":37},"end":{"line":26,"column":41}}],"line":26},"4":{"loc":{"start":{"line":29,"column":24},"end":{"line":29,"column":34}},"type":"default-arg","locations":[{"start":{"line":29,"column":30},"end":{"line":29,"column":34}}],"line":29},"5":{"loc":{"start":{"line":39,"column":4},"end":{"line":41,"column":5}},"type":"if","locations":[{"start":{"line":39,"column":4},"end":{"line":41,"column":5}},{"start":{},"end":{}}],"line":39}},"s":{"0":2,"1":28,"2":28,"3":2,"4":28,"5":2,"6":0,"7":2,"8":0,"9":0,"10":0,"11":0,"12":0,"13":0,"14":0},"f":{"0":28,"1":28,"2":0,"3":0,"4":0,"5":0,"6":0},"b":{"0":[2,2],"1":[2,2],"2":[2,2],"3":[0,0],"4":[0],"5":[0,0]},"inputSourceMap":null,"_coverageSchema":"1a1c01bbd47fc00a2c39e90264f33305004495a9","hash":"13879677f00578dbdc65a889932fd8257645674c"}
,"C:\\Users\\ayush\\Desktop\\instagram\\backend\\src\\middleware\\auth.middleware.js": {"path":"C:\\Users\\ayush\\Desktop\\instagram\\backend\\src\\middleware\\auth.middleware.js","statementMap":{"0":{"start":{"line":5,"column":28},"end":{"line":52,"column":1}},"1":{"start":{"line":6,"column":2},"end":{"line":51,"column":3}},"2":{"start":{"line":8,"column":23},"end":{"line":8,"column":48}},"3":{"start":{"line":10,"column":4},"end":{"line":12,"column":5}},"4":{"start":{"line":11,"column":6},"end":{"line":11,"column":55}},"5":{"start":{"line":14,"column":18},"end":{"line":14,"column":41}},"6":{"start":{"line":17,"column":20},"end":{"line":17,"column":44}},"7":{"start":{"line":20,"column":19},"end":{"line":23,"column":5}},"8":{"start":{"line":25,"column":4},"end":{"line":27,"column":5}},"9":{"start":{"line":26,"column":6},"end":{"line":26,"column":64}},"10":{"start":{"line":30,"column":4},"end":{"line":34,"column":6}},"11":{"start":{"line":36,"column":4},"end":{"line":36,"column":11}},"12":{"start":{"line":38,"column":4},"end":{"line":44,"column":5}},"13":{"start":{"line":39,"column":6},"end":{"line":43,"column":9}},"14":{"start":{"line":46,"column":4},"end":{"line":50,"column":7}},"15":{"start":{"line":54,"column":28},"end":{"line":77,"column":1}},"16":{"start":{"line":55,"column":2},"end":{"line":76,"column":3}},"17":{"start":{"line":56,"column":23},"end":{"line":56,"column":48}},"18":{"start":{"line":58,"column":4},"end":{"line":61,"column":5}},"19":{"start":{"line":59,"column":6},"end":{"line":59,"column":22}},"20":{"start":{"line":60,"column":6},"end":{"line":60,"column":20}},"21":{"start":{"line":63,"column":18},"end":{"line":63,"column":41}},"22":{"start":{"line":64,"column":20},"end":{"line":64,"column":44}},"23":{"start":{"line":66,"column":19},"end":{"line":69,"column":5}},"24":{"start":{"line":71,"column":4},"end":{"line":71,"column":62}},"25":{"start":{"line":72,"column":4},"end":{"line":72,"column":11}},"26":{"start":{"line":74,"column":4},"end":{"line":74,"column":20}},"27":{"start":{"line":75,"column":4},"end":{"line":75,"column":11}}},"fnMap":{"0":{"name":"(anonymous_0)","decl":{"start":{"line":5,"column":28},"end":{"line":5,"column":29}},"loc":{"start":{"line":5,"column":54},"end":{"line":52,"column":1}},"line":5},"1":{"name":"(anonymous_1)","decl":{"start":{"line":54,"column":28},"end":{"line":54,"column":29}},"loc":{"start":{"line":54,"column":54},"end":{"line":77,"column":1}},"line":54}},"branchMap":{"0":{"loc":{"start":{"line":10,"column":4},"end":{"line":12,"column":5}},"type":"if","locations":[{"start":{"line":10,"column":4},"end":{"line":12,"column":5}},{"start":{},"end":{}}],"line":10},"1":{"loc":{"start":{"line":10,"column":8},"end":{"line":10,"column":56}},"type":"binary-expr","locations":[{"start":{"line":10,"column":8},"end":{"line":10,"column":19}},{"start":{"line":10,"column":23},"end":{"line":10,"column":56}}],"line":10},"2":{"loc":{"start":{"line":25,"column":4},"end":{"line":27,"column":5}},"type":"if","locations":[{"start":{"line":25,"column":4},"end":{"line":27,"column":5}},{"start":{},"end":{}}],"line":25},"3":{"loc":{"start":{"line":38,"column":4},"end":{"line":44,"column":5}},"type":"if","locations":[{"start":{"line":38,"column":4},"end":{"line":44,"column":5}},{"start":{},"end":{}}],"line":38},"4":{"loc":{"start":{"line":58,"column":4},"end":{"line":61,"column":5}},"type":"if","locations":[{"start":{"line":58,"column":4},"end":{"line":61,"column":5}},{"start":{},"end":{}}],"line":58},"5":{"loc":{"start":{"line":58,"column":8},"end":{"line":58,"column":56}},"type":"binary-expr","locations":[{"start":{"line":58,"column":8},"end":{"line":58,"column":19}},{"start":{"line":58,"column":23},"end":{"line":58,"column":56}}],"line":58},"6":{"loc":{"start":{"line":71,"column":15},"end":{"line":71,"column":61}},"type":"cond-expr","locations":[{"start":{"line":71,"column":40},"end":{"line":71,"column":54}},{"start":{"line":71,"column":57},"end":{"line":71,"column":61}}],"line":71}},"s":{"0":2,"1":7,"2":7,"3":7,"4":3,"5":4,"6":4,"7":0,"8":0,"9":0,"10":0,"11":0,"12":7,"13":3,"14":4,"15":2,"16":2,"17":2,"18":2,"19":1,"20":1,"21":1,"22":1,"23":0,"24":0,"25":0,"26":1,"27":1},"f":{"0":7,"1":2},"b":{"0":[3,4],"1":[7,4],"2":[0,0],"3":[3,4],"4":[1,1],"5":[2,1],"6":[0,0]},"inputSourceMap":null,"_coverageSchema":"1a1c01bbd47fc00a2c39e90264f33305004495a9","hash":"8e3d52525c02765135cd6068a37bb952b58078b4"}
,"C:\\Users\\ayush\\Desktop\\instagram\\backend\\src\\middleware\\errorHandler.middleware.js": {"path":"C:\\Users\\ayush\\Desktop\\instagram\\backend\\src\\middleware\\errorHandler.middleware.js","statementMap":{"0":{"start":{"line":3,"column":28},"end":{"line":72,"column":1}},"1":{"start":{"line":4,"column":2},"end":{"line":4,"column":31}},"2":{"start":{"line":7,"column":2},"end":{"line":14,"column":3}},"3":{"start":{"line":8,"column":4},"end":{"line":13,"column":7}},"4":{"start":{"line":17,"column":2},"end":{"line":23,"column":3}},"5":{"start":{"line":18,"column":4},"end":{"line":22,"column":7}},"6":{"start":{"line":25,"column":2},"end":{"line":31,"column":3}},"7":{"start":{"line":26,"column":4},"end":{"line":30,"column":7}},"8":{"start":{"line":34,"column":2},"end":{"line":40,"column":3}},"9":{"start":{"line":35,"column":4},"end":{"line":39,"column":7}},"10":{"start":{"line":43,"column":2},"end":{"line":49,"column":3}},"11":{"start":{"line":44,"column":4},"end":{"line":48,"column":7}},"12":{"start":{"line":52,"column":2},"end":{"line":58,"column":3}},"13":{"start":{"line":53,"column":4},"end":{"line":57,"column":7}},"14":{"start":{"line":61,"column":2},"end":{"line":71,"column":5}},"15":{"start":{"line":74,"column":31},"end":{"line":80,"column":1}},"16":{"start":{"line":75,"column":2},"end":{"line":79,"column":5}}},"fnMap":{"0":{"name":"(anonymous_0)","decl":{"start":{"line":3,"column":28},"end":{"line":3,"column":29}},"loc":{"start":{"line":3,"column":53},"end":{"line":72,"column":1}},"line":3},"1":{"name":"(anonymous_1)","decl":{"start":{"line":74,"column":31},"end":{"line":74,"column":32}},"loc":{"start":{"line":74,"column":45},"end":{"line":80,"column":1}},"line":74}},"branchMap":{"0":{"loc":{"start":{"line":7,"column":2},"end":{"line":14,"column":3}},"type":"if","locations":[{"start":{"line":7,"column":2},"end":{"line":14,"column":3}},{"start":{},"end":{}}],"line":7},"1":{"loc":{"start":{"line":12,"column":10},"end":{"line":12,"column":72}},"type":"binary-expr","locations":[{"start":{"line":12,"column":10},"end":{"line":12,"column":48}},{"start":{"line":12,"column":52},"end":{"line":12,"column":72}}],"line":12},"2":{"loc":{"start":{"line":17,"column":2},"end":{"line":23,"column":3}},"type":"if","locations":[{"start":{"line":17,"column":2},"end":{"line":23,"column":3}},{"start":{},"end":{}}],"line":17},"3":{"loc":{"start":{"line":25,"column":2},"end":{"line":31,"column":3}},"type":"if","locations":[{"start":{"line":25,"column":2},"end":{"line":31,"column":3}},{"start":{},"end":{}}],"line":25},"4":{"loc":{"start":{"line":34,"column":2},"end":{"line":40,"column":3}},"type":"if","locations":[{"start":{"line":34,"column":2},"end":{"line":40,"column":3}},{"start":{},"end":{}}],"line":34},"5":{"loc":{"start":{"line":43,"column":2},"end":{"line":49,"column":3}},"type":"if","locations":[{"start":{"line":43,"column":2},"end":{"line":49,"column":3}},{"start":{},"end":{}}],"line":43},"6":{"loc":{"start":{"line":52,"column":2},"end":{"line":58,"column":3}},"type":"if","locations":[{"start":{"line":52,"column":2},"end":{"line":58,"column":3}},{"start":{},"end":{}}],"line":52},"7":{"loc":{"start":{"line":63,"column":13},"end":{"line":65,"column":19}},"type":"cond-expr","locations":[{"start":{"line":64,"column":8},"end":{"line":64,"column":31}},{"start":{"line":65,"column":8},"end":{"line":65,"column":19}}],"line":63},"8":{"loc":{"start":{"line":67,"column":8},"end":{"line":70,"column":5}},"type":"binary-expr","locations":[{"start":{"line":67,"column":8},"end":{"line":67,"column":46}},{"start":{"line":67,"column":50},"end":{"line":70,"column":5}}],"line":67}},"s":{"0":1,"1":5,"2":5,"3":0,"4":5,"5":0,"6":5,"7":0,"8":5,"9":0,"10":5,"11":0,"12":5,"13":0,"14":5,"15":1,"16":0},"f":{"0":5,"1":0},"b":{"0":[0,5],"1":[0,0],"2":[0,5],"3":[0,5],"4":[0,5],"5":[0,5],"6":[0,5],"7":[0,5],"8":[5,0]},"inputSourceMap":null,"_coverageSchema":"1a1c01bbd47fc00a2c39e90264f33305004495a9","hash":"ef5c7088f269556849993d7759d5a7b01d45bf25"}
,"C:\\Users\\ayush\\Desktop\\instagram\\backend\\src\\middleware\\rateLimit.middleware.js": {"path":"C:\\Users\\ayush\\Desktop\\instagram\\backend\\src\\middleware\\rateLimit.middleware.js","statementMap":{"0":{"start":{"line":4,"column":33},"end":{"line":66,"column":1}},"1":{"start":{"line":10,"column":6},"end":{"line":10,"column":13}},"2":{"start":{"line":12,"column":2},"end":{"line":65,"column":4}},"3":{"start":{"line":13,"column":4},"end":{"line":64,"column":5}},"4":{"start":{"line":15,"column":25},"end":{"line":15,"column":62}},"5":{"start":{"line":16,"column":18},"end":{"line":16,"column":46}},"6":{"start":{"line":19,"column":22},"end":{"line":19,"column":42}},"7":{"start":{"line":20,"column":20},"end":{"line":20,"column":51}},"8":{"start":{"line":22,"column":6},"end":{"line":35,"column":7}},"9":{"start":{"line":23,"column":20},"end":{"line":23,"column":40}},"10":{"start":{"line":25,"column":8},"end":{"line":25,"column":56}},"11":{"start":{"line":26,"column":8},"end":{"line":26,"column":50}},"12":{"start":{"line":27,"column":8},"end":{"line":27,"column":68}},"13":{"start":{"line":29,"column":8},"end":{"line":34,"column":11}},"14":{"start":{"line":37,"column":23},"end":{"line":37,"column":32}},"15":{"start":{"line":39,"column":6},"end":{"line":44,"column":7}},"16":{"start":{"line":41,"column":8},"end":{"line":41,"column":69}},"17":{"start":{"line":43,"column":8},"end":{"line":43,"column":30}},"18":{"start":{"line":47,"column":6},"end":{"line":47,"column":54}},"19":{"start":{"line":48,"column":6},"end":{"line":48,"column":69}},"20":{"start":{"line":51,"column":6},"end":{"line":57,"column":7}},"21":{"start":{"line":52,"column":8},"end":{"line":56,"column":11}},"22":{"start":{"line":53,"column":10},"end":{"line":55,"column":11}},"23":{"start":{"line":54,"column":12},"end":{"line":54,"column":28}},"24":{"start":{"line":59,"column":6},"end":{"line":59,"column":13}},"25":{"start":{"line":61,"column":6},"end":{"line":61,"column":48}},"26":{"start":{"line":63,"column":6},"end":{"line":63,"column":13}},"27":{"start":{"line":69,"column":31},"end":{"line":73,"column":2}},"28":{"start":{"line":75,"column":30},"end":{"line":79,"column":2}},"29":{"start":{"line":81,"column":33},"end":{"line":85,"column":2}}},"fnMap":{"0":{"name":"(anonymous_0)","decl":{"start":{"line":4,"column":33},"end":{"line":4,"column":34}},"loc":{"start":{"line":4,"column":51},"end":{"line":66,"column":1}},"line":4},"1":{"name":"(anonymous_1)","decl":{"start":{"line":12,"column":9},"end":{"line":12,"column":10}},"loc":{"start":{"line":12,"column":35},"end":{"line":65,"column":3}},"line":12},"2":{"name":"(anonymous_2)","decl":{"start":{"line":52,"column":25},"end":{"line":52,"column":26}},"loc":{"start":{"line":52,"column":31},"end":{"line":56,"column":9}},"line":52}},"branchMap":{"0":{"loc":{"start":{"line":4,"column":34},"end":{"line":4,"column":46}},"type":"default-arg","locations":[{"start":{"line":4,"column":44},"end":{"line":4,"column":46}}],"line":4},"1":{"loc":{"start":{"line":6,"column":4},"end":{"line":6,"column":24}},"type":"default-arg","locations":[{"start":{"line":6,"column":15},"end":{"line":6,"column":24}}],"line":6},"2":{"loc":{"start":{"line":7,"column":4},"end":{"line":7,"column":21}},"type":"default-arg","locations":[{"start":{"line":7,"column":18},"end":{"line":7,"column":21}}],"line":7},"3":{"loc":{"start":{"line":8,"column":4},"end":{"line":8,"column":27}},"type":"default-arg","locations":[{"start":{"line":8,"column":16},"end":{"line":8,"column":27}}],"line":8},"4":{"loc":{"start":{"line":9,"column":4},"end":{"line":9,"column":34}},"type":"default-arg","locations":[{"start":{"line":9,"column":29},"end":{"line":9,"column":34}}],"line":9},"5":{"loc":{"start":{"line":15,"column":25},"end":{"line":15,"column":62}},"type":"binary-expr","locations":[{"start":{"line":15,"column":25},"end":{"line":15,"column":37}},{"start":{"line":15,"column":41},"end":{"line":15,"column":47}},{"start":{"line":15,"column":51},"end":{"line":15,"column":62}}],"line":15},"6":{"loc":{"start":{"line":20,"column":20},"end":{"line":20,"column":51}},"type":"cond-expr","locations":[{"start":{"line":20,"column":30},"end":{"line":20,"column":47}},{"start":{"line":20,"column":50},"end":{"line":20,"column":51}}],"line":20},"7":{"loc":{"start":{"line":22,"column":6},"end":{"line":35,"column":7}},"type":"if","locations":[{"start":{"line":22,"column":6},"end":{"line":35,"column":7}},{"start":{},"end":{}}],"line":22},"8":{"loc":{"start":{"line":39,"column":6},"end":{"line":44,"column":7}},"type":"if","locations":[{"start":{"line":39,"column":6},"end":{"line":44,"column":7}},{"start":{"line":42,"column":13},"end":{"line":44,"column":7}}],"line":39},"9":{"loc":{"start":{"line":51,"column":6},"end":{"line":57,"column":7}},"type":"if","locations":[{"start":{"line":51,"column":6},"end":{"line":57,"column":7}},{"start":{},"end":{}}],"line":51},"10":{"loc":{"start":{"line":53,"column":10},"end":{"line":55,"column":11}},"type":"if","locations":[{"start":{"line":53,"column":10},"end":{"line":55,"column":11}},{"start":{},"end":{}}],"line":53}},"s":{"0":1,"1":3,"2":3,"3":8,"4":8,"5":8,"6":8,"7":0,"8":0,"9":0,"10":0,"11":0,"12":0,"13":0,"14":0,"15":0,"16":0,"17":0,"18":0,"19":0,"20":0,"21":0,"22":0,"23":0,"24":0,"25":8,"26":8,"27":1,"28":1,"29":1},"f":{"0":3,"1":8,"2":0},"b":{"0":[0],"1":[0],"2":[0],"3":[0],"4":[3],"5":[8,8,0],"6":[0,0],"7":[0,0],"8":[0,0],"9":[0,0],"10":[0,0]},"inputSourceMap":null,"_coverageSchema":"1a1c01bbd47fc00a2c39e90264f33305004495a9","hash":"2f9547103027805b9924b097bc29a9ef87b14811"}
,"C:\\Users\\ayush\\Desktop\\instagram\\backend\\src\\repositories\\user.repository.js": {"path":"C:\\Users\\ayush\\Desktop\\instagram\\backend\\src\\repositories\\user.repository.js","statementMap":{"0":{"start":{"line":6,"column":25},"end":{"line":6,"column":56}},"1":{"start":{"line":8,"column":19},"end":{"line":13,"column":5}},"2":{"start":{"line":15,"column":4},"end":{"line":15,"column":26}},"3":{"start":{"line":19,"column":19},"end":{"line":22,"column":5}},"4":{"start":{"line":23,"column":4},"end":{"line":23,"column":26}},"5":{"start":{"line":27,"column":19},"end":{"line":30,"column":5}},"6":{"start":{"line":31,"column":4},"end":{"line":31,"column":26}},"7":{"start":{"line":35,"column":19},"end":{"line":41,"column":5}},"8":{"start":{"line":42,"column":4},"end":{"line":42,"column":26}},"9":{"start":{"line":46,"column":26},"end":{"line":46,"column":68}},"10":{"start":{"line":47,"column":22},"end":{"line":47,"column":24}},"11":{"start":{"line":48,"column":19},"end":{"line":48,"column":21}},"12":{"start":{"line":49,"column":21},"end":{"line":49,"column":22}},"13":{"start":{"line":51,"column":4},"end":{"line":57,"column":7}},"14":{"start":{"line":52,"column":6},"end":{"line":56,"column":7}},"15":{"start":{"line":53,"column":8},"end":{"line":53,"column":50}},"16":{"start":{"line":54,"column":8},"end":{"line":54,"column":34}},"17":{"start":{"line":55,"column":8},"end":{"line":55,"column":21}},"18":{"start":{"line":59,"column":4},"end":{"line":61,"column":5}},"19":{"start":{"line":60,"column":6},"end":{"line":60,"column":51}},"20":{"start":{"line":63,"column":4},"end":{"line":63,"column":41}},"21":{"start":{"line":64,"column":4},"end":{"line":64,"column":24}},"22":{"start":{"line":66,"column":19},"end":{"line":72,"column":5}},"23":{"start":{"line":74,"column":4},"end":{"line":74,"column":26}},"24":{"start":{"line":78,"column":4},"end":{"line":78,"column":56}},"25":{"start":{"line":82,"column":19},"end":{"line":88,"column":5}},"26":{"start":{"line":89,"column":4},"end":{"line":89,"column":26}}},"fnMap":{"0":{"name":"(anonymous_0)","decl":{"start":{"line":5,"column":2},"end":{"line":5,"column":3}},"loc":{"start":{"line":5,"column":62},"end":{"line":16,"column":3}},"line":5},"1":{"name":"(anonymous_1)","decl":{"start":{"line":18,"column":2},"end":{"line":18,"column":3}},"loc":{"start":{"line":18,"column":27},"end":{"line":24,"column":3}},"line":18},"2":{"name":"(anonymous_2)","decl":{"start":{"line":26,"column":2},"end":{"line":26,"column":3}},"loc":{"start":{"line":26,"column":33},"end":{"line":32,"column":3}},"line":26},"3":{"name":"(anonymous_3)","decl":{"start":{"line":34,"column":2},"end":{"line":34,"column":3}},"loc":{"start":{"line":34,"column":21},"end":{"line":43,"column":3}},"line":34},"4":{"name":"(anonymous_4)","decl":{"start":{"line":45,"column":2},"end":{"line":45,"column":3}},"loc":{"start":{"line":45,"column":36},"end":{"line":75,"column":3}},"line":45},"5":{"name":"(anonymous_5)","decl":{"start":{"line":51,"column":33},"end":{"line":51,"column":34}},"loc":{"start":{"line":51,"column":42},"end":{"line":57,"column":5}},"line":51},"6":{"name":"(anonymous_6)","decl":{"start":{"line":77,"column":2},"end":{"line":77,"column":3}},"loc":{"start":{"line":77,"column":39},"end":{"line":79,"column":3}},"line":77},"7":{"name":"(anonymous_7)","decl":{"start":{"line":81,"column":2},"end":{"line":81,"column":3}},"loc":{"start":{"line":81,"column":29},"end":{"line":90,"column":3}},"line":81}},"branchMap":{"0":{"loc":{"start":{"line":5,"column":48},"end":{"line":5,"column":58}},"type":"default-arg","locations":[{"start":{"line":5,"column":54},"end":{"line":5,"column":58}}],"line":5},"1":{"loc":{"start":{"line":52,"column":6},"end":{"line":56,"column":7}},"type":"if","locations":[{"start":{"line":52,"column":6},"end":{"line":56,"column":7}},{"start":{},"end":{}}],"line":52},"2":{"loc":{"start":{"line":52,"column":10},"end":{"line":52,"column":67}},"type":"binary-expr","locations":[{"start":{"line":52,"column":10},"end":{"line":52,"column":37}},{"start":{"line":52,"column":41},"end":{"line":52,"column":67}}],"line":52},"3":{"loc":{"start":{"line":59,"column":4},"end":{"line":61,"column":5}},"type":"if","locations":[{"start":{"line":59,"column":4},"end":{"line":61,"column":5}},{"start":{},"end":{}}],"line":59}},"s":{"0":0,"1":0,"2":0,"3":5,"4":0,"5":0,"6":0,"7":0,"8":0,"9":0,"10":0,"11":0,"12":0,"13":0,"14":0,"15":0,"16":0,"17":0,"18":0,"19":0,"20":0,"21":0,"22":0,"23":0,"24":0,"25":0,"26":0},"f":{"0":0,"1":5,"2":0,"3":0,"4":0,"5":0,"6":0,"7":0},"b":{"0":[0],"1":[0,0],"2":[0,0],"3":[0,0]},"inputSourceMap":null,"_coverageSchema":"1a1c01bbd47fc00a2c39e90264f33305004495a9","hash":"c71a7cbed4658570b505dc345fca1e2d5ffe8414"}
,"C:\\Users\\ayush\\Desktop\\instagram\\backend\\src\\routes\\auth.routes.js": {"path":"C:\\Users\\ayush\\Desktop\\instagram\\backend\\src\\routes\\auth.routes.js","statementMap":{"0":{"start":{"line":8,"column":15},"end":{"line":8,"column":31}},"1":{"start":{"line":11,"column":0},"end":{"line":35,"column":2}},"2":{"start":{"line":16,"column":4},"end":{"line":33,"column":5}},"3":{"start":{"line":17,"column":49},"end":{"line":17,"column":57}},"4":{"start":{"line":19,"column":21},"end":{"line":24,"column":8}},"5":{"start":{"line":26,"column":6},"end":{"line":30,"column":9}},"6":{"start":{"line":32,"column":6},"end":{"line":32,"column":18}},"7":{"start":{"line":38,"column":0},"end":{"line":57,"column":2}},"8":{"start":{"line":43,"column":4},"end":{"line":55,"column":5}},"9":{"start":{"line":44,"column":34},"end":{"line":44,"column":42}},"10":{"start":{"line":46,"column":21},"end":{"line":46,"column":66}},"11":{"start":{"line":48,"column":6},"end":{"line":52,"column":9}},"12":{"start":{"line":54,"column":6},"end":{"line":54,"column":18}},"13":{"start":{"line":60,"column":0},"end":{"line":71,"column":3}},"14":{"start":{"line":61,"column":2},"end":{"line":70,"column":3}},"15":{"start":{"line":62,"column":4},"end":{"line":62,"column":43}},"16":{"start":{"line":64,"column":4},"end":{"line":67,"column":7}},"17":{"start":{"line":69,"column":4},"end":{"line":69,"column":16}},"18":{"start":{"line":74,"column":0},"end":{"line":95,"column":3}},"19":{"start":{"line":75,"column":2},"end":{"line":94,"column":3}},"20":{"start":{"line":76,"column":29},"end":{"line":76,"column":37}},"21":{"start":{"line":78,"column":4},"end":{"line":83,"column":5}},"22":{"start":{"line":79,"column":6},"end":{"line":82,"column":9}},"23":{"start":{"line":85,"column":19},"end":{"line":85,"column":70}},"24":{"start":{"line":87,"column":4},"end":{"line":91,"column":7}},"25":{"start":{"line":93,"column":4},"end":{"line":93,"column":16}},"26":{"start":{"line":98,"column":0},"end":{"line":109,"column":3}},"27":{"start":{"line":99,"column":2},"end":{"line":108,"column":3}},"28":{"start":{"line":100,"column":4},"end":{"line":105,"column":7}},"29":{"start":{"line":107,"column":4},"end":{"line":107,"column":16}}},"fnMap":{"0":{"name":"(anonymous_0)","decl":{"start":{"line":15,"column":2},"end":{"line":15,"column":3}},"loc":{"start":{"line":15,"column":28},"end":{"line":34,"column":3}},"line":15},"1":{"name":"(anonymous_1)","decl":{"start":{"line":42,"column":2},"end":{"line":42,"column":3}},"loc":{"start":{"line":42,"column":28},"end":{"line":56,"column":3}},"line":42},"2":{"name":"(anonymous_2)","decl":{"start":{"line":60,"column":37},"end":{"line":60,"column":38}},"loc":{"start":{"line":60,"column":63},"end":{"line":71,"column":1}},"line":60},"3":{"name":"(anonymous_3)","decl":{"start":{"line":74,"column":24},"end":{"line":74,"column":25}},"loc":{"start":{"line":74,"column":50},"end":{"line":95,"column":1}},"line":74},"4":{"name":"(anonymous_4)","decl":{"start":{"line":98,"column":32},"end":{"line":98,"column":33}},"loc":{"start":{"line":98,"column":58},"end":{"line":109,"column":1}},"line":98}},"branchMap":{"0":{"loc":{"start":{"line":78,"column":4},"end":{"line":83,"column":5}},"type":"if","locations":[{"start":{"line":78,"column":4},"end":{"line":83,"column":5}},{"start":{},"end":{}}],"line":78}},"s":{"0":1,"1":1,"2":2,"3":2,"4":2,"5":0,"6":2,"7":1,"8":3,"9":3,"10":3,"11":0,"12":3,"13":1,"14":0,"15":0,"16":0,"17":0,"18":1,"19":0,"20":0,"21":0,"22":0,"23":0,"24":0,"25":0,"26":1,"27":0,"28":0,"29":0},"f":{"0":2,"1":3,"2":0,"3":0,"4":0},"b":{"0":[0,0]},"inputSourceMap":null,"_coverageSchema":"1a1c01bbd47fc00a2c39e90264f33305004495a9","hash":"a097b1e1ec3f53af3bed2361eec038921504a54d"}
,"C:\\Users\\ayush\\Desktop\\instagram\\backend\\src\\utils\\errors.js": {"path":"C:\\Users\\ayush\\Desktop\\instagram\\backend\\src\\utils\\errors.js","statementMap":{"0":{"start":{"line":3,"column":4},"end":{"line":3,"column":19}},"1":{"start":{"line":4,"column":4},"end":{"line":4,"column":33}},"2":{"start":{"line":5,"column":4},"end":{"line":5,"column":21}},"3":{"start":{"line":6,"column":4},"end":{"line":6,"column":30}},"4":{"start":{"line":7,"column":4},"end":{"line":7,"column":52}},"5":{"start":{"line":13,"column":4},"end":{"line":13,"column":37}},"6":{"start":{"line":19,"column":4},"end":{"line":19,"column":40}},"7":{"start":{"line":25,"column":4},"end":{"line":25,"column":37}},"8":{"start":{"line":31,"column":4},"end":{"line":31,"column":36}},"9":{"start":{"line":37,"column":4},"end":{"line":37,"column":44}},"10":{"start":{"line":43,"column":4},"end":{"line":43,"column":47}}},"fnMap":{"0":{"name":"(anonymous_0)","decl":{"start":{"line":2,"column":2},"end":{"line":2,"column":3}},"loc":{"start":{"line":2,"column":66},"end":{"line":8,"column":3}},"line":2},"1":{"name":"(anonymous_1)","decl":{"start":{"line":12,"column":2},"end":{"line":12,"column":3}},"loc":{"start":{"line":12,"column":46},"end":{"line":14,"column":3}},"line":12},"2":{"name":"(anonymous_2)","decl":{"start":{"line":18,"column":2},"end":{"line":18,"column":3}},"loc":{"start":{"line":18,"column":40},"end":{"line":20,"column":3}},"line":18},"3":{"name":"(anonymous_3)","decl":{"start":{"line":24,"column":2},"end":{"line":24,"column":3}},"loc":{"start":{"line":24,"column":37},"end":{"line":26,"column":3}},"line":24},"4":{"name":"(anonymous_4)","decl":{"start":{"line":30,"column":2},"end":{"line":30,"column":3}},"loc":{"start":{"line":30,"column":51},"end":{"line":32,"column":3}},"line":30},"5":{"name":"(anonymous_5)","decl":{"start":{"line":36,"column":2},"end":{"line":36,"column":3}},"loc":{"start":{"line":36,"column":45},"end":{"line":38,"column":3}},"line":36},"6":{"name":"(anonymous_6)","decl":{"start":{"line":42,"column":2},"end":{"line":42,"column":3}},"loc":{"start":{"line":42,"column":45},"end":{"line":44,"column":3}},"line":42}},"branchMap":{"0":{"loc":{"start":{"line":2,"column":23},"end":{"line":2,"column":39}},"type":"default-arg","locations":[{"start":{"line":2,"column":36},"end":{"line":2,"column":39}}],"line":2},"1":{"loc":{"start":{"line":2,"column":41},"end":{"line":2,"column":64}},"type":"default-arg","locations":[{"start":{"line":2,"column":48},"end":{"line":2,"column":64}}],"line":2},"2":{"loc":{"start":{"line":12,"column":14},"end":{"line":12,"column":44}},"type":"default-arg","locations":[{"start":{"line":12,"column":24},"end":{"line":12,"column":44}}],"line":12},"3":{"loc":{"start":{"line":18,"column":14},"end":{"line":18,"column":38}},"type":"default-arg","locations":[{"start":{"line":18,"column":24},"end":{"line":18,"column":38}}],"line":18},"4":{"loc":{"start":{"line":24,"column":14},"end":{"line":24,"column":35}},"type":"default-arg","locations":[{"start":{"line":24,"column":24},"end":{"line":24,"column":35}}],"line":24},"5":{"loc":{"start":{"line":30,"column":14},"end":{"line":30,"column":49}},"type":"default-arg","locations":[{"start":{"line":30,"column":24},"end":{"line":30,"column":49}}],"line":30},"6":{"loc":{"start":{"line":36,"column":14},"end":{"line":36,"column":43}},"type":"default-arg","locations":[{"start":{"line":36,"column":24},"end":{"line":36,"column":43}}],"line":36},"7":{"loc":{"start":{"line":42,"column":14},"end":{"line":42,"column":43}},"type":"default-arg","locations":[{"start":{"line":42,"column":24},"end":{"line":42,"column":43}}],"line":42}},"s":{"0":3,"1":3,"2":3,"3":3,"4":3,"5":0,"6":3,"7":0,"8":0,"9":0,"10":0},"f":{"0":3,"1":0,"2":3,"3":0,"4":0,"5":0,"6":0},"b":{"0":[0],"1":[0],"2":[0],"3":[0],"4":[0],"5":[0],"6":[0],"7":[0]},"inputSourceMap":null,"_coverageSchema":"1a1c01bbd47fc00a2c39e90264f33305004495a9","hash":"dc441ecacc4ff66bf998f91453639778968a1330"}
,"C:\\Users\\ayush\\Desktop\\instagram\\backend\\src\\utils\\jwt.js": {"path":"C:\\Users\\ayush\\Desktop\\instagram\\backend\\src\\utils\\jwt.js","statementMap":{"0":{"start":{"line":4,"column":35},"end":{"line":8,"column":1}},"1":{"start":{"line":5,"column":2},"end":{"line":7,"column":5}},"2":{"start":{"line":10,"column":36},"end":{"line":14,"column":1}},"3":{"start":{"line":11,"column":2},"end":{"line":13,"column":5}},"4":{"start":{"line":16,"column":33},"end":{"line":22,"column":1}},"5":{"start":{"line":17,"column":2},"end":{"line":21,"column":3}},"6":{"start":{"line":18,"column":4},"end":{"line":18,"column":48}},"7":{"start":{"line":20,"column":4},"end":{"line":20,"column":48}},"8":{"start":{"line":24,"column":34},"end":{"line":30,"column":1}},"9":{"start":{"line":25,"column":2},"end":{"line":29,"column":3}},"10":{"start":{"line":26,"column":4},"end":{"line":26,"column":56}},"11":{"start":{"line":28,"column":4},"end":{"line":28,"column":56}},"12":{"start":{"line":32,"column":27},"end":{"line":34,"column":1}},"13":{"start":{"line":33,"column":2},"end":{"line":33,"column":27}}},"fnMap":{"0":{"name":"(anonymous_0)","decl":{"start":{"line":4,"column":35},"end":{"line":4,"column":36}},"loc":{"start":{"line":4,"column":48},"end":{"line":8,"column":1}},"line":4},"1":{"name":"(anonymous_1)","decl":{"start":{"line":10,"column":36},"end":{"line":10,"column":37}},"loc":{"start":{"line":10,"column":49},"end":{"line":14,"column":1}},"line":10},"2":{"name":"(anonymous_2)","decl":{"start":{"line":16,"column":33},"end":{"line":16,"column":34}},"loc":{"start":{"line":16,"column":44},"end":{"line":22,"column":1}},"line":16},"3":{"name":"(anonymous_3)","decl":{"start":{"line":24,"column":34},"end":{"line":24,"column":35}},"loc":{"start":{"line":24,"column":45},"end":{"line":30,"column":1}},"line":24},"4":{"name":"(anonymous_4)","decl":{"start":{"line":32,"column":27},"end":{"line":32,"column":28}},"loc":{"start":{"line":32,"column":38},"end":{"line":34,"column":1}},"line":32}},"branchMap":{},"s":{"0":4,"1":5,"2":4,"3":2,"4":4,"5":7,"6":7,"7":6,"8":4,"9":2,"10":2,"11":1,"12":4,"13":0},"f":{"0":5,"1":2,"2":7,"3":2,"4":0},"b":{},"inputSourceMap":null,"_coverageSchema":"1a1c01bbd47fc00a2c39e90264f33305004495a9","hash":"e8fd90dd81bc4314b58418d68204b42dfebb2dd8"}
,"C:\\Users\\ayush\\Desktop\\instagram\\backend\\src\\utils\\validators.js": {"path":"C:\\Users\\ayush\\Desktop\\instagram\\backend\\src\\utils\\validators.js","statementMap":{"0":{"start":{"line":3,"column":30},"end":{"line":8,"column":2}},"1":{"start":{"line":10,"column":27},"end":{"line":13,"column":2}},"2":{"start":{"line":15,"column":32},"end":{"line":18,"column":2}},"3":{"start":{"line":20,"column":35},"end":{"line":23,"column":2}},"4":{"start":{"line":25,"column":35},"end":{"line":28,"column":2}},"5":{"start":{"line":30,"column":24},"end":{"line":48,"column":1}},"6":{"start":{"line":31,"column":2},"end":{"line":47,"column":4}},"7":{"start":{"line":32,"column":22},"end":{"line":32,"column":70}},"8":{"start":{"line":34,"column":4},"end":{"line":45,"column":5}},"9":{"start":{"line":35,"column":21},"end":{"line":38,"column":9}},"10":{"start":{"line":35,"column":52},"end":{"line":38,"column":7}},"11":{"start":{"line":40,"column":6},"end":{"line":44,"column":9}},"12":{"start":{"line":46,"column":4},"end":{"line":46,"column":11}}},"fnMap":{"0":{"name":"(anonymous_0)","decl":{"start":{"line":30,"column":24},"end":{"line":30,"column":25}},"loc":{"start":{"line":30,"column":36},"end":{"line":48,"column":1}},"line":30},"1":{"name":"(anonymous_1)","decl":{"start":{"line":31,"column":9},"end":{"line":31,"column":10}},"loc":{"start":{"line":31,"column":29},"end":{"line":47,"column":3}},"line":31},"2":{"name":"(anonymous_2)","decl":{"start":{"line":35,"column":39},"end":{"line":35,"column":40}},"loc":{"start":{"line":35,"column":52},"end":{"line":38,"column":7}},"line":35}},"branchMap":{"0":{"loc":{"start":{"line":34,"column":4},"end":{"line":45,"column":5}},"type":"if","locations":[{"start":{"line":34,"column":4},"end":{"line":45,"column":5}},{"start":{},"end":{}}],"line":34}},"s":{"0":1,"1":1,"2":1,"3":1,"4":1,"5":1,"6":2,"7":8,"8":8,"9":3,"10":4,"11":3,"12":5},"f":{"0":2,"1":8,"2":4},"b":{"0":[3,5]},"inputSourceMap":null,"_coverageSchema":"1a1c01bbd47fc00a2c39e90264f33305004495a9","hash":"4de943c7a2c80d6a6a13dcbc0d335819fdb8ba5d"}
}
