TN:
SF:src\commands\auth.commands.js
FN:7,(anonymous_0)
FN:59,(anonymous_1)
FN:106,(anonymous_2)
FN:112,(anonymous_3)
FNF:4
FNH:2
FNDA:2,(anonymous_0)
FNDA:3,(anonymous_1)
FNDA:0,(anonymous_2)
FNDA:0,(anonymous_3)
DA:9,2
DA:10,0
DA:11,0
DA:14,0
DA:15,0
DA:16,0
DA:20,0
DA:28,0
DA:34,0
DA:39,0
DA:45,0
DA:61,3
DA:62,0
DA:63,0
DA:67,0
DA:68,0
DA:69,0
DA:73,0
DA:79,0
DA:84,0
DA:93,0
DA:108,0
DA:109,0
DA:113,0
DA:116,0
DA:117,0
DA:118,0
DA:122,0
DA:123,0
DA:124,0
DA:128,0
DA:134,0
LF:32
LH:2
BRDA:10,0,0,0
BRDA:10,0,1,0
BRDA:15,1,0,0
BRDA:15,1,1,0
BRDA:62,2,0,0
BRDA:62,2,1,0
BRDA:68,3,0,0
BRDA:68,3,1,0
BRDA:117,4,0,0
BRDA:117,4,1,0
BRDA:123,5,0,0
BRDA:123,5,1,0
BRF:12
BRH:0
end_of_record
TN:
SF:src\config\database.js
FN:15,(anonymous_0)
FN:20,(anonymous_1)
FN:33,(anonymous_2)
FNF:3
FNH:1
FNDA:0,(anonymous_0)
FNDA:5,(anonymous_1)
FNDA:0,(anonymous_2)
DA:2,3
DA:4,3
DA:15,3
DA:16,0
DA:17,0
DA:20,3
DA:21,5
DA:22,5
DA:23,5
DA:24,0
DA:25,0
DA:26,0
DA:28,5
DA:29,5
DA:33,3
DA:34,0
LF:16
LH:10
BRDA:5,0,0,3
BRDA:5,0,1,3
BRDA:6,1,0,3
BRDA:6,1,1,3
BRDA:7,2,0,3
BRDA:7,2,1,3
BRDA:8,3,0,3
BRDA:8,3,1,3
BRDA:9,4,0,3
BRDA:9,4,1,3
BRF:10
BRH:10
end_of_record
TN:
SF:src\config\env.js
FNF:0
FNH:0
DA:3,4
DA:5,4
LF:2
LH:2
BRDA:7,0,0,4
BRDA:7,0,1,4
BRDA:8,1,0,4
BRDA:8,1,1,0
BRDA:11,2,0,4
BRDA:11,2,1,4
BRDA:12,3,0,4
BRDA:12,3,1,4
BRDA:13,4,0,4
BRDA:13,4,1,4
BRDA:14,5,0,4
BRDA:14,5,1,4
BRDA:15,6,0,4
BRDA:15,6,1,4
BRDA:18,7,0,4
BRDA:18,7,1,4
BRDA:19,8,0,4
BRDA:19,8,1,4
BRDA:22,9,0,4
BRDA:22,9,1,4
BRDA:23,10,0,4
BRDA:23,10,1,4
BRDA:24,11,0,4
BRDA:24,11,1,4
BRDA:25,12,0,4
BRDA:25,12,1,4
BRDA:28,13,0,4
BRDA:28,13,1,4
BRDA:29,14,0,4
BRDA:29,14,1,4
BRDA:30,15,0,4
BRDA:30,15,1,4
BRDA:31,16,0,4
BRDA:31,16,1,4
BRDA:32,17,0,4
BRDA:32,17,1,4
BRDA:35,18,0,4
BRDA:35,18,1,4
BRDA:36,19,0,4
BRDA:36,19,1,4
BRF:40
BRH:39
end_of_record
TN:
SF:src\config\redis.js
FN:7,(anonymous_0)
FN:14,(anonymous_1)
FN:18,(anonymous_2)
FN:24,(anonymous_3)
FN:29,(anonymous_4)
FN:33,(anonymous_5)
FN:37,(anonymous_6)
FNF:7
FNH:2
FNDA:28,(anonymous_0)
FNDA:28,(anonymous_1)
FNDA:0,(anonymous_2)
FNDA:0,(anonymous_3)
FNDA:0,(anonymous_4)
FNDA:0,(anonymous_5)
FNDA:0,(anonymous_6)
DA:3,2
DA:8,28
DA:9,28
DA:14,2
DA:15,28
DA:18,2
DA:19,0
DA:23,2
DA:25,0
DA:26,0
DA:30,0
DA:34,0
DA:38,0
DA:39,0
DA:40,0
LF:15
LH:7
BRDA:4,0,0,2
BRDA:4,0,1,2
BRDA:5,1,0,2
BRDA:5,1,1,2
BRDA:6,2,0,2
BRDA:6,2,1,2
BRDA:26,3,0,0
BRDA:26,3,1,0
BRDA:29,4,0,0
BRDA:39,5,0,0
BRDA:39,5,1,0
BRF:11
BRH:6
end_of_record
TN:
SF:src\middleware\auth.middleware.js
FN:5,(anonymous_0)
FN:54,(anonymous_1)
FNF:2
FNH:2
FNDA:7,(anonymous_0)
FNDA:2,(anonymous_1)
DA:5,2
DA:6,7
DA:8,7
DA:10,7
DA:11,3
DA:14,4
DA:17,4
DA:20,0
DA:25,0
DA:26,0
DA:30,0
DA:36,0
DA:38,7
DA:39,3
DA:46,4
DA:54,2
DA:55,2
DA:56,2
DA:58,2
DA:59,1
DA:60,1
DA:63,1
DA:64,1
DA:66,0
DA:71,0
DA:72,0
DA:74,1
DA:75,1
LF:28
LH:20
BRDA:10,0,0,3
BRDA:10,0,1,4
BRDA:10,1,0,7
BRDA:10,1,1,4
BRDA:25,2,0,0
BRDA:25,2,1,0
BRDA:38,3,0,3
BRDA:38,3,1,4
BRDA:58,4,0,1
BRDA:58,4,1,1
BRDA:58,5,0,2
BRDA:58,5,1,1
BRDA:71,6,0,0
BRDA:71,6,1,0
BRF:14
BRH:10
end_of_record
TN:
SF:src\middleware\errorHandler.middleware.js
FN:3,(anonymous_0)
FN:74,(anonymous_1)
FNF:2
FNH:1
FNDA:5,(anonymous_0)
FNDA:0,(anonymous_1)
DA:3,1
DA:4,5
DA:7,5
DA:8,0
DA:17,5
DA:18,0
DA:25,5
DA:26,0
DA:34,5
DA:35,0
DA:43,5
DA:44,0
DA:52,5
DA:53,0
DA:61,5
DA:74,1
DA:75,0
LF:17
LH:10
BRDA:7,0,0,0
BRDA:7,0,1,5
BRDA:12,1,0,0
BRDA:12,1,1,0
BRDA:17,2,0,0
BRDA:17,2,1,5
BRDA:25,3,0,0
BRDA:25,3,1,5
BRDA:34,4,0,0
BRDA:34,4,1,5
BRDA:43,5,0,0
BRDA:43,5,1,5
BRDA:52,6,0,0
BRDA:52,6,1,5
BRDA:63,7,0,0
BRDA:63,7,1,5
BRDA:67,8,0,5
BRDA:67,8,1,0
BRF:18
BRH:8
end_of_record
TN:
SF:src\middleware\rateLimit.middleware.js
FN:4,(anonymous_0)
FN:12,(anonymous_1)
FN:52,(anonymous_2)
FNF:3
FNH:2
FNDA:3,(anonymous_0)
FNDA:8,(anonymous_1)
FNDA:0,(anonymous_2)
DA:4,1
DA:10,3
DA:12,3
DA:13,8
DA:15,8
DA:16,8
DA:19,8
DA:20,0
DA:22,0
DA:23,0
DA:25,0
DA:26,0
DA:27,0
DA:29,0
DA:37,0
DA:39,0
DA:41,0
DA:43,0
DA:47,0
DA:48,0
DA:51,0
DA:52,0
DA:53,0
DA:54,0
DA:59,0
DA:61,8
DA:63,8
DA:69,1
DA:75,1
DA:81,1
LF:30
LH:12
BRDA:4,0,0,0
BRDA:6,1,0,0
BRDA:7,2,0,0
BRDA:8,3,0,0
BRDA:9,4,0,3
BRDA:15,5,0,8
BRDA:15,5,1,8
BRDA:15,5,2,0
BRDA:20,6,0,0
BRDA:20,6,1,0
BRDA:22,7,0,0
BRDA:22,7,1,0
BRDA:39,8,0,0
BRDA:39,8,1,0
BRDA:51,9,0,0
BRDA:51,9,1,0
BRDA:53,10,0,0
BRDA:53,10,1,0
BRF:18
BRH:3
end_of_record
TN:
SF:src\repositories\user.repository.js
FN:5,(anonymous_0)
FN:18,(anonymous_1)
FN:26,(anonymous_2)
FN:34,(anonymous_3)
FN:45,(anonymous_4)
FN:51,(anonymous_5)
FN:77,(anonymous_6)
FN:81,(anonymous_7)
FNF:8
FNH:1
FNDA:0,(anonymous_0)
FNDA:5,(anonymous_1)
FNDA:0,(anonymous_2)
FNDA:0,(anonymous_3)
FNDA:0,(anonymous_4)
FNDA:0,(anonymous_5)
FNDA:0,(anonymous_6)
FNDA:0,(anonymous_7)
DA:6,0
DA:8,0
DA:15,0
DA:19,5
DA:23,0
DA:27,0
DA:31,0
DA:35,0
DA:42,0
DA:46,0
DA:47,0
DA:48,0
DA:49,0
DA:51,0
DA:52,0
DA:53,0
DA:54,0
DA:55,0
DA:59,0
DA:60,0
DA:63,0
DA:64,0
DA:66,0
DA:74,0
DA:78,0
DA:82,0
DA:89,0
LF:27
LH:1
BRDA:5,0,0,0
BRDA:52,1,0,0
BRDA:52,1,1,0
BRDA:52,2,0,0
BRDA:52,2,1,0
BRDA:59,3,0,0
BRDA:59,3,1,0
BRF:7
BRH:0
end_of_record
TN:
SF:src\routes\auth.routes.js
FN:15,(anonymous_0)
FN:42,(anonymous_1)
FN:60,(anonymous_2)
FN:74,(anonymous_3)
FN:98,(anonymous_4)
FNF:5
FNH:2
FNDA:2,(anonymous_0)
FNDA:3,(anonymous_1)
FNDA:0,(anonymous_2)
FNDA:0,(anonymous_3)
FNDA:0,(anonymous_4)
DA:8,1
DA:11,1
DA:16,2
DA:17,2
DA:19,2
DA:26,0
DA:32,2
DA:38,1
DA:43,3
DA:44,3
DA:46,3
DA:48,0
DA:54,3
DA:60,1
DA:61,0
DA:62,0
DA:64,0
DA:69,0
DA:74,1
DA:75,0
DA:76,0
DA:78,0
DA:79,0
DA:85,0
DA:87,0
DA:93,0
DA:98,1
DA:99,0
DA:100,0
DA:107,0
LF:30
LH:14
BRDA:78,0,0,0
BRDA:78,0,1,0
BRF:2
BRH:0
end_of_record
TN:
SF:src\utils\errors.js
FN:2,(anonymous_0)
FN:12,(anonymous_1)
FN:18,(anonymous_2)
FN:24,(anonymous_3)
FN:30,(anonymous_4)
FN:36,(anonymous_5)
FN:42,(anonymous_6)
FNF:7
FNH:2
FNDA:3,(anonymous_0)
FNDA:0,(anonymous_1)
FNDA:3,(anonymous_2)
FNDA:0,(anonymous_3)
FNDA:0,(anonymous_4)
FNDA:0,(anonymous_5)
FNDA:0,(anonymous_6)
DA:3,3
DA:4,3
DA:5,3
DA:6,3
DA:7,3
DA:13,0
DA:19,3
DA:25,0
DA:31,0
DA:37,0
DA:43,0
LF:11
LH:6
BRDA:2,0,0,0
BRDA:2,1,0,0
BRDA:12,2,0,0
BRDA:18,3,0,0
BRDA:24,4,0,0
BRDA:30,5,0,0
BRDA:36,6,0,0
BRDA:42,7,0,0
BRF:8
BRH:0
end_of_record
TN:
SF:src\utils\jwt.js
FN:4,(anonymous_0)
FN:10,(anonymous_1)
FN:16,(anonymous_2)
FN:24,(anonymous_3)
FN:32,(anonymous_4)
FNF:5
FNH:4
FNDA:5,(anonymous_0)
FNDA:2,(anonymous_1)
FNDA:7,(anonymous_2)
FNDA:2,(anonymous_3)
FNDA:0,(anonymous_4)
DA:4,4
DA:5,5
DA:10,4
DA:11,2
DA:16,4
DA:17,7
DA:18,7
DA:20,6
DA:24,4
DA:25,2
DA:26,2
DA:28,1
DA:32,4
DA:33,0
LF:14
LH:13
BRF:0
BRH:0
end_of_record
TN:
SF:src\utils\validators.js
FN:30,(anonymous_0)
FN:31,(anonymous_1)
FN:35,(anonymous_2)
FNF:3
FNH:3
FNDA:2,(anonymous_0)
FNDA:8,(anonymous_1)
FNDA:4,(anonymous_2)
DA:3,1
DA:10,1
DA:15,1
DA:20,1
DA:25,1
DA:30,1
DA:31,2
DA:32,8
DA:34,8
DA:35,4
DA:40,3
DA:46,5
LF:12
LH:12
BRDA:34,0,0,3
BRDA:34,0,1,5
BRF:2
BRH:2
end_of_record
